#
# There is insufficient memory for the Java Runtime Environment to continue.
# Native memory allocation (mmap) failed to map 65536 bytes. Error detail: Failed to commit metaspace.
# Possible reasons:
#   The system is out of physical RAM or swap space
#   This process is running with CompressedOops enabled, and the Java Heap may be blocking the growth of the native heap
# Possible solutions:
#   Reduce memory load on the system
#   Increase physical memory or swap space
#   Check if swap backing store is full
#   Decrease Java heap size (-Xmx/-Xms)
#   Decrease number of Java threads
#   Decrease Java thread stack sizes (-Xss)
#   Set larger code cache with -XX:ReservedCodeCacheSize=
#   JVM is running with Zero Based Compressed Oops mode in which the Java heap is
#     placed in the first 32GB address space. The Java Heap base address is the
#     maximum limit for the native heap growth. Please use -XX:HeapBaseMinAddress
#     to set the Java Heap base and to place the Java Heap above 32GB virtual address.
# This output file may be truncated or incomplete.
#
#  Out of Memory Error (virtualSpaceNode.cpp:113), pid=22052, tid=8364
#
# JRE version: OpenJDK Runtime Environment (21.0.7) (build 21.0.7+-13880790-b1038.58)
# Java VM: OpenJDK 64-Bit Server VM (21.0.7+-13880790-b1038.58, mixed mode, tiered, compressed oops, compressed class ptrs, g1 gc, windows-amd64)
# No core dump will be written. Minidumps are not enabled by default on client versions of Windows
#

---------------  S U M M A R Y ------------

Command Line: git4idea.http.GitAskPassApp Username for 'https://github.com': 

Host: 11th Gen Intel(R) Core(TM) i7-1165G7 @ 2.80GHz, 8 cores, 11G,  Windows 11 , 64 bit Build 26100 (10.0.26100.5074)
Time: Sun Sep 14 22:05:46 2025 Atlantic Summer Time elapsed time: 14.748516 seconds (0d 0h 0m 14s)

---------------  T H R E A D  ---------------

Current thread (0x00000130e8b44380):  JavaThread "main"             [_thread_in_vm, id=8364, stack(0x0000000760c00000,0x0000000760d00000) (1024K)]

Stack: [0x0000000760c00000,0x0000000760d00000]
Native frames: (J=compiled Java code, j=interpreted, Vv=VM code, C=native code)
V  [jvm.dll+0x6d25c9]
V  [jvm.dll+0x860923]
V  [jvm.dll+0x862e7e]
V  [jvm.dll+0x863563]
V  [jvm.dll+0x27f156]
V  [jvm.dll+0x85b7fe]
V  [jvm.dll+0x675fa5]
V  [jvm.dll+0x67600a]
V  [jvm.dll+0x678866]
V  [jvm.dll+0x678732]
V  [jvm.dll+0x67699e]
V  [jvm.dll+0x269cff]
V  [jvm.dll+0x680985]
V  [jvm.dll+0x21501c]
V  [jvm.dll+0x215565]
V  [jvm.dll+0x215f46]
V  [jvm.dll+0x20aefa]
V  [jvm.dll+0x5b3e95]
V  [jvm.dll+0x21c99c]
V  [jvm.dll+0x7d7efc]
V  [jvm.dll+0x7d8f92]
V  [jvm.dll+0x7d9554]
V  [jvm.dll+0x47670b]
C  [java.dll+0x1a2d]

Java frames: (J=compiled Java code, j=interpreted, Vv=VM code)
J 502  java.lang.ClassLoader.findBootstrapClass(Ljava/lang/String;)Ljava/lang/Class; java.base@21.0.7 (0 bytes) @ 0x00000130f5b58d22 [0x00000130f5b58cc0+0x0000000000000062]
j  java.lang.ClassLoader.findBootstrapClassOrNull(Ljava/lang/String;)Ljava/lang/Class;+10 java.base@21.0.7
j  java.lang.System$2.findBootstrapClassOrNull(Ljava/lang/String;)Ljava/lang/Class;+1 java.base@21.0.7
j  jdk.internal.loader.ClassLoaders$BootClassLoader.loadClassOrNull(Ljava/lang/String;Z)Ljava/lang/Class;+4 java.base@21.0.7
j  jdk.internal.loader.BuiltinClassLoader.loadClassOrNull(Ljava/lang/String;)Ljava/lang/Class;+3 java.base@21.0.7
j  jdk.internal.loader.BuiltinClassLoader.loadClassOrNull(Ljava/lang/String;Z)Ljava/lang/Class;+66 java.base@21.0.7
j  jdk.internal.loader.BuiltinClassLoader.loadClass(Ljava/lang/String;Z)Ljava/lang/Class;+3 java.base@21.0.7
j  java.lang.ClassLoader.loadClass(Ljava/lang/String;)Ljava/lang/Class;+3 java.base@21.0.7
v  ~StubRoutines::call_stub 0x00000130f55910e7
j  jdk.internal.net.http.common.Utils.<clinit>()V+293 java.net.http@21.0.7
v  ~StubRoutines::call_stub 0x00000130f55910e7
j  jdk.internal.net.http.HttpClientImpl.<clinit>()V+16 java.net.http@21.0.7
v  ~StubRoutines::call_stub 0x00000130f55910e7
j  jdk.internal.net.http.HttpClientBuilderImpl.build()Ljava/net/http/HttpClient;+1 java.net.http@21.0.7
j  externalApp.ExternalAppUtil.sendIdeRequest(Ljava/lang/String;ILjava/lang/String;Ljava/lang/String;)LexternalApp/ExternalAppUtil$Result;+77
j  git4idea.http.GitAskPassApp.main([Ljava/lang/String;)V+37
v  ~StubRoutines::call_stub 0x00000130f55910e7

Compiled method (n/a) 14784  502     n 0       java.lang.ClassLoader::findBootstrapClass (native)
 total in heap  [0x00000130f5b58b10,0x00000130f5b59200] = 1776
 relocation     [0x00000130f5b58c70,0x00000130f5b58cb0] = 64
 main code      [0x00000130f5b58cc0,0x00000130f5b591fc] = 1340
 stub code      [0x00000130f5b591fc,0x00000130f5b59200] = 4

[Constant Pool (empty)]

[MachCode]
[Entry Point]
  # {method} {0x00000130840258e8} 'findBootstrapClass' '(Ljava/lang/String;)Ljava/lang/Class;' in 'java/lang/ClassLoader'
  # parm0:    rdx:rdx   = 'java/lang/String'
  #           [sp+0x70]  (sp of caller)
  0x00000130f5b58cc0: 448b 5208 | 49c1 e203 | 493b c20f | 8407 0000 

  0x00000130f5b58cd0: ;   {runtime_call ic_miss_stub}
  0x00000130f5b58cd0: 00e9 aa5c | a8ff 6690 
[Verified Entry Point]
  0x00000130f5b58cd8: 8984 2400 | 80ff ff55 | 488b ec48 | 83ec 6090 | 4181 7f20 | 0100 0000 

  0x00000130f5b58cf0: ;   {runtime_call StubRoutines (final stubs)}
  0x00000130f5b58cf0: 7405 e829 | 23a7 ff48 | 8954 2420 | 4883 fa00 | 4c8d 4424 | 204c 0f44 

  0x00000130f5b58d08: ;   {oop(a 'java/lang/Class'{0x000000050e600f20} = 'java/lang/ClassLoader')}
  0x00000130f5b58d08: 4424 2049 | be20 0f60 | 0e05 0000 | 004c 8974 | 2450 4c8d | 7424 5049 | 8bd6 c5f8 

  0x00000130f5b58d24: ;   {internal_word}
  0x00000130f5b58d24: 7749 ba22 | 8db5 f530 | 0100 004d | 8997 a003 | 0000 4989 | a798 0300 

  0x00000130f5b58d3c: ;   {external_word}
  0x00000130f5b58d3c: 0049 bac8 | 8803 1cfb | 7f00 0041 | 803a 000f | 844a 0000 | 0052 4150 

  0x00000130f5b58d54: ;   {metadata({method} {0x00000130840258e8} 'findBootstrapClass' '(Ljava/lang/String;)Ljava/lang/Class;' in 'java/lang/ClassLoader')}
  0x00000130f5b58d54: 48ba e058 | 0284 3001 | 0000 498b | cf48 83ec | 2040 f6c4 | 0f0f 8419 | 0000 0048 

  0x00000130f5b58d70: ;   {runtime_call}
  0x00000130f5b58d70: 83ec 0848 | b870 95bd | 1bfb 7f00 | 00ff d048 | 83c4 08e9 | 0c00 0000 

  0x00000130f5b58d88: ;   {runtime_call}
  0x00000130f5b58d88: 48b8 7095 | bd1b fb7f | 0000 ffd0 | 4883 c420 | 4158 5a49 | 8d8f b803 | 0000 41c7 | 8744 0400 
  0x00000130f5b58da8: 0004 0000 

  0x00000130f5b58dac: ;   {runtime_call}
  0x00000130f5b58dac: 0048 b8c0 | 19b7 92fb | 7f00 00ff | d0c5 f877 | 41c7 8744 | 0400 0005 | 0000 00f0 | 8344 24c0 
  0x00000130f5b58dcc: 0049 3baf | 4804 0000 | 0f87 0e00 | 0000 4183 | bf40 0400 | 0000 0f84 | 2b00 0000 | c5f8 7748 
  0x00000130f5b58dec: 8945 f849 | 8bcf 4c8b | e448 83ec | 2048 83e4 

  0x00000130f5b58dfc: ;   {runtime_call}
  0x00000130f5b58dfc: f048 b8a0 | ea88 1bfb | 7f00 00ff | d049 8be4 | 4d33 e448 | 8b45 f841 | c787 4404 | 0000 0800 
  0x00000130f5b58e1c: 0000 4183 | bfc0 0400 | 0002 0f84 | a303 0000 

  0x00000130f5b58e2c: ;   {external_word}
  0x00000130f5b58e2c: 49ba c888 | 031c fb7f | 0000 4180 | 3a00 0f84 | 4c00 0000 | 4889 45f8 

  0x00000130f5b58e44: ;   {metadata({method} {0x00000130840258e8} 'findBootstrapClass' '(Ljava/lang/String;)Ljava/lang/Class;' in 'java/lang/ClassLoader')}
  0x00000130f5b58e44: 48ba e058 | 0284 3001 | 0000 498b | cf48 83ec | 2040 f6c4 | 0f0f 8419 | 0000 0048 

  0x00000130f5b58e60: ;   {runtime_call}
  0x00000130f5b58e60: 83ec 0848 | b870 95bd | 1bfb 7f00 | 00ff d048 | 83c4 08e9 | 0c00 0000 

  0x00000130f5b58e78: ;   {runtime_call}
  0x00000130f5b58e78: 48b8 7095 | bd1b fb7f | 0000 ffd0 | 4883 c420 | 488b 45f8 | 49c7 8798 | 0300 0000 | 0000 0049 
  0x00000130f5b58e98: c787 a003 | 0000 0000 | 0000 c5f8 | 7748 85c0 | 0f84 fe02 | 0000 a803 | 0f85 0800 | 0000 488b 
  0x00000130f5b58eb8: 00e9 ee02 | 0000 a801 | 0f85 0900 | 0000 488b | 40fe e9dd | 0200 0048 | 8b40 ff41 | 807f 4000 
  0x00000130f5b58ed8: 0f84 ce02 | 0000 4883 | f800 0f84 | c402 0000 | 498b 4f28 | 4883 f900 | 0f84 1400 | 0000 4883 
  0x00000130f5b58ef8: e908 4989 | 4f28 4903 | 4f38 4889 | 01e9 a202 | 0000 4881 | ec50 0100 | 0048 8904 | 2448 894c 
  0x00000130f5b58f18: 2408 4889 | 5424 1048 | 8974 2418 | 4889 7c24 | 204c 8944 | 2428 4c89 | 4c24 304c | 8954 2438 
  0x00000130f5b58f38: 4c89 5c24 | 40c5 fb11 | 4424 50c5 | fb11 4c24 | 58c5 fb11 | 5424 60c5 | fb11 5c24 | 68c5 fb11 
  0x00000130f5b58f58: 6424 70c5 | fb11 6c24 | 78c5 fb11 | b424 8000 | 0000 c5fb | 11bc 2488 | 0000 00c5 

  0x00000130f5b58f74: ;   {no_reloc}
  0x00000130f5b58f74: 7b11 8424 | 9000 0000 | c57b 118c | 2498 0000 | 00c5 7b11 | 9424 a000 | 0000 c57b | 119c 24a8 
  0x00000130f5b58f94: 0000 00c5 | 7b11 a424 | b000 0000 | c57b 11ac | 24b8 0000 | 00c5 7b11 | b424 c000 | 0000 c57b 
  0x00000130f5b58fb4: 11bc 24c8 | 0000 0062 | e1ff 0811 | 4424 1a62 | e1ff 0811 | 4c24 1b62 | e1ff 0811 | 5424 1c62 
  0x00000130f5b58fd4: e1ff 0811 | 5c24 1d62 | e1ff 0811 | 6424 1e62 | e1ff 0811 | 6c24 1f62 | e1ff 0811 | 7424 2062 
  0x00000130f5b58ff4: e1ff 0811 | 7c24 2162 | 61ff 0811 | 4424 2262 | 61ff 0811 | 4c24 2362 | 61ff 0811 | 5424 2462 
  0x00000130f5b59014: 61ff 0811 | 5c24 2562 | 61ff 0811 | 6424 2662 | 61ff 0811 | 6c24 2762 | 61ff 0811 | 7424 2862 
  0x00000130f5b59034: 61ff 0811 | 7c24 2949 | 8bd7 488b | c848 83ec | 2040 f6c4 | 0f0f 8419 | 0000 0048 

  0x00000130f5b59050: ;   {runtime_call}
  0x00000130f5b59050: 83ec 0848 | b8a0 f97b | 1bfb 7f00 | 00ff d048 | 83c4 08e9 | 0c00 0000 

  0x00000130f5b59068: ;   {runtime_call}
  0x00000130f5b59068: 48b8 a0f9 | 7b1b fb7f | 0000 ffd0 | 4883 c420 | 6261 ff08 | 107c 2429 | 6261 ff08 | 1074 2428 
  0x00000130f5b59088: 6261 ff08 | 106c 2427 | 6261 ff08 | 1064 2426 | 6261 ff08 | 105c 2425 | 6261 ff08 | 1054 2424 
  0x00000130f5b590a8: 6261 ff08 | 104c 2423 | 6261 ff08 | 1044 2422 | 62e1 ff08 | 107c 2421 | 62e1 ff08 | 1074 2420 
  0x00000130f5b590c8: 62e1 ff08 | 106c 241f | 62e1 ff08 | 1064 241e | 62e1 ff08 | 105c 241d | 62e1 ff08 | 1054 241c 
  0x00000130f5b590e8: 62e1 ff08 | 104c 241b | 62e1 ff08 | 1044 241a | c57b 10bc | 24c8 0000 | 00c5 7b10 | b424 c000 
  0x00000130f5b59108: 0000 c57b | 10ac 24b8 | 0000 00c5 | 7b10 a424 | b000 0000 | c57b 109c | 24a8 0000 | 00c5 7b10 
  0x00000130f5b59128: 9424 a000 | 0000 c57b | 108c 2498 | 0000 00c5 | 7b10 8424 | 9000 0000 | c5fb 10bc | 2488 0000 
  0x00000130f5b59148: 00c5 fb10 | b424 8000 | 0000 c5fb | 106c 2478 | c5fb 1064 | 2470 c5fb | 105c 2468 

  0x00000130f5b59164: ;   {no_reloc}
  0x00000130f5b59164: c5fb 1054 | 2460 c5fb | 104c 2458 | c5fb 1044 | 2450 4c8b | 5c24 404c | 8b54 2438 | 4c8b 4c24 
  0x00000130f5b59184: 304c 8b44 | 2428 488b | 7c24 2048 | 8b74 2418 | 488b 5424 | 1048 8b4c | 2408 488b | 0424 4881 
  0x00000130f5b591a4: c450 0100 | 00c5 f877 | 498b 8f28 | 0400 00c7 | 8100 0100 | 0000 0000 | 00c9 4983 | 7f08 000f 
  0x00000130f5b591c4: 8501 0000 

  0x00000130f5b591c8: ;   {runtime_call StubRoutines (initial stubs)}
  0x00000130f5b591c8: 00c3 e931 | 7da3 ffc5 | f877 4889 | 45f8 4c8b | e448 83ec | 2048 83e4 

  0x00000130f5b591e0: ;   {runtime_call}
  0x00000130f5b591e0: f048 b810 | cdbd 1bfb | 7f00 00ff | d049 8be4 | 4d33 e448 | 8b45 f8e9 | 30fc ffff 
[Stub Code]
  0x00000130f5b591fc: f4f4 f4f4 
[/MachCode]


---------------  P R O C E S S  ---------------

Threads class SMR info:
_java_thread_list=0x0000013083cc4110, length=11, elements={
0x00000130e8b44380, 0x0000013083aec820, 0x0000013083aedc30, 0x0000013083aee780,
0x0000013083b13a40, 0x0000013083b154b0, 0x0000013083b15f10, 0x0000013083b2ab70,
0x0000013083b2ba30, 0x0000013083b3c610, 0x0000013083cea4b0
}

Java Threads: ( => current thread )
=>0x00000130e8b44380 JavaThread "main"                              [_thread_in_vm, id=8364, stack(0x0000000760c00000,0x0000000760d00000) (1024K)]
  0x0000013083aec820 JavaThread "Common-Cleaner"             daemon [_thread_blocked, id=12920, stack(0x0000000761400000,0x0000000761500000) (1024K)]
  0x0000013083aedc30 JavaThread "Reference Handler"          daemon [_thread_blocked, id=21692, stack(0x0000000761500000,0x0000000761600000) (1024K)]
  0x0000013083aee780 JavaThread "Finalizer"                  daemon [_thread_blocked, id=20336, stack(0x0000000761600000,0x0000000761700000) (1024K)]
  0x0000013083b13a40 JavaThread "Signal Dispatcher"          daemon [_thread_blocked, id=9972, stack(0x0000000761700000,0x0000000761800000) (1024K)]
  0x0000013083b154b0 JavaThread "Attach Listener"            daemon [_thread_blocked, id=26108, stack(0x0000000761800000,0x0000000761900000) (1024K)]
  0x0000013083b15f10 JavaThread "Service Thread"             daemon [_thread_blocked, id=10308, stack(0x0000000761900000,0x0000000761a00000) (1024K)]
  0x0000013083b2ab70 JavaThread "Monitor Deflation Thread"   daemon [_thread_blocked, id=24440, stack(0x0000000761a00000,0x0000000761b00000) (1024K)]
  0x0000013083b2ba30 JavaThread "C2 CompilerThread0"         daemon [_thread_blocked, id=25552, stack(0x0000000761b00000,0x0000000761c00000) (1024K)]
  0x0000013083b3c610 JavaThread "C1 CompilerThread0"         daemon [_thread_blocked, id=10812, stack(0x0000000761c00000,0x0000000761d00000) (1024K)]
  0x0000013083cea4b0 JavaThread "Notification Thread"        daemon [_thread_blocked, id=22800, stack(0x0000000761d00000,0x0000000761e00000) (1024K)]
Total: 11

Other Threads:
  0x0000013083972210 VMThread "VM Thread"                           [id=12964, stack(0x0000000761300000,0x0000000761400000) (1024K)] _threads_hazard_ptr=0x0000013083cc4110
  0x00000130838da200 WatcherThread "VM Periodic Task Thread"        [id=24228, stack(0x0000000761200000,0x0000000761300000) (1024K)]
  0x00000130eaf5d0b0 WorkerThread "GC Thread#0"                     [id=17892, stack(0x0000000760d00000,0x0000000760e00000) (1024K)]
  0x00000130eaf69c60 ConcurrentGCThread "G1 Main Marker"            [id=3700, stack(0x0000000760e00000,0x0000000760f00000) (1024K)]
  0x00000130eaf6b5a0 WorkerThread "G1 Conc#0"                       [id=16188, stack(0x0000000760f00000,0x0000000761000000) (1024K)]
  0x00000130837a70f0 ConcurrentGCThread "G1 Refine#0"               [id=23068, stack(0x0000000761000000,0x0000000761100000) (1024K)]
  0x00000130837a7a70 ConcurrentGCThread "G1 Service"                [id=23628, stack(0x0000000761100000,0x0000000761200000) (1024K)]
Total: 7

Threads with active compile tasks:
Total: 0

VM state: synchronizing (normal execution)

VM Mutex/Monitor currently owned by a thread:  ([mutex/lock_event])
[0x00007ffb1c04f2e8] Metaspace_lock - owner thread: 0x00000130e8b44380
[0x00007ffb1c051468] Threads_lock - owner thread: 0x0000013083972210

Heap address: 0x0000000502c00000, size: 3006 MB, Compressed Oops mode: Zero based, Oop shift amount: 3

CDS archive(s) not mapped
Compressed class space mapped at: 0x00000005bf000000-0x00000005ff000000, reserved size: 1073741824
Narrow klass base: 0x0000000000000000, Narrow klass shift: 3, Narrow klass range: 0x5ff000000

GC Precious Log:
 CardTable entry size: 512
 Card Set container configuration: InlinePtr #cards 4 size 8 Array Of Cards #cards 16 size 48 Howl #buckets 8 coarsen threshold 3686 Howl Bitmap #cards 512 size 80 coarsen threshold 460 Card regions per heap region 1 cards per card region 4096
 CPUs: 8 total, 8 available
 Memory: 12022M
 Large Page Support: Disabled
 NUMA Support: Disabled
 Compressed Oops: Enabled (Zero based)
 Heap Region Size: 2M
 Heap Min Capacity: 8M
 Heap Initial Capacity: 188M
 Heap Max Capacity: 3006M
 Pre-touch: Disabled
 Parallel Workers: 8
 Concurrent Workers: 2
 Concurrent Refinement Workers: 8
 Periodic GC: Disabled

Heap:
 garbage-first heap   total 192512K, used 6144K [0x0000000502c00000, 0x00000005bea00000)
  region size 2048K, 4 young (8192K), 0 survivors (0K)
 Metaspace       used 10575K, committed 10624K, reserved 1114112K
  class space    used 1013K, committed 1024K, reserved 1048576K

Heap Regions: E=young(eden), S=young(survivor), O=old, HS=humongous(starts), HC=humongous(continues), CS=collection set, F=free, TAMS=top-at-mark-start, PB=parsable bottom
|   0|0x0000000502c00000, 0x0000000502c00000, 0x0000000502e00000|  0%| F|  |TAMS 0x0000000502c00000| PB 0x0000000502c00000| Untracked 
|   1|0x0000000502e00000, 0x0000000502e00000, 0x0000000503000000|  0%| F|  |TAMS 0x0000000502e00000| PB 0x0000000502e00000| Untracked 
|   2|0x0000000503000000, 0x0000000503000000, 0x0000000503200000|  0%| F|  |TAMS 0x0000000503000000| PB 0x0000000503000000| Untracked 
|   3|0x0000000503200000, 0x0000000503200000, 0x0000000503400000|  0%| F|  |TAMS 0x0000000503200000| PB 0x0000000503200000| Untracked 
|   4|0x0000000503400000, 0x0000000503400000, 0x0000000503600000|  0%| F|  |TAMS 0x0000000503400000| PB 0x0000000503400000| Untracked 
|   5|0x0000000503600000, 0x0000000503600000, 0x0000000503800000|  0%| F|  |TAMS 0x0000000503600000| PB 0x0000000503600000| Untracked 
|   6|0x0000000503800000, 0x0000000503800000, 0x0000000503a00000|  0%| F|  |TAMS 0x0000000503800000| PB 0x0000000503800000| Untracked 
|   7|0x0000000503a00000, 0x0000000503a00000, 0x0000000503c00000|  0%| F|  |TAMS 0x0000000503a00000| PB 0x0000000503a00000| Untracked 
|   8|0x0000000503c00000, 0x0000000503c00000, 0x0000000503e00000|  0%| F|  |TAMS 0x0000000503c00000| PB 0x0000000503c00000| Untracked 
|   9|0x0000000503e00000, 0x0000000503e00000, 0x0000000504000000|  0%| F|  |TAMS 0x0000000503e00000| PB 0x0000000503e00000| Untracked 
|  10|0x0000000504000000, 0x0000000504000000, 0x0000000504200000|  0%| F|  |TAMS 0x0000000504000000| PB 0x0000000504000000| Untracked 
|  11|0x0000000504200000, 0x0000000504200000, 0x0000000504400000|  0%| F|  |TAMS 0x0000000504200000| PB 0x0000000504200000| Untracked 
|  12|0x0000000504400000, 0x0000000504400000, 0x0000000504600000|  0%| F|  |TAMS 0x0000000504400000| PB 0x0000000504400000| Untracked 
|  13|0x0000000504600000, 0x0000000504600000, 0x0000000504800000|  0%| F|  |TAMS 0x0000000504600000| PB 0x0000000504600000| Untracked 
|  14|0x0000000504800000, 0x0000000504800000, 0x0000000504a00000|  0%| F|  |TAMS 0x0000000504800000| PB 0x0000000504800000| Untracked 
|  15|0x0000000504a00000, 0x0000000504a00000, 0x0000000504c00000|  0%| F|  |TAMS 0x0000000504a00000| PB 0x0000000504a00000| Untracked 
|  16|0x0000000504c00000, 0x0000000504c00000, 0x0000000504e00000|  0%| F|  |TAMS 0x0000000504c00000| PB 0x0000000504c00000| Untracked 
|  17|0x0000000504e00000, 0x0000000504e00000, 0x0000000505000000|  0%| F|  |TAMS 0x0000000504e00000| PB 0x0000000504e00000| Untracked 
|  18|0x0000000505000000, 0x0000000505000000, 0x0000000505200000|  0%| F|  |TAMS 0x0000000505000000| PB 0x0000000505000000| Untracked 
|  19|0x0000000505200000, 0x0000000505200000, 0x0000000505400000|  0%| F|  |TAMS 0x0000000505200000| PB 0x0000000505200000| Untracked 
|  20|0x0000000505400000, 0x0000000505400000, 0x0000000505600000|  0%| F|  |TAMS 0x0000000505400000| PB 0x0000000505400000| Untracked 
|  21|0x0000000505600000, 0x0000000505600000, 0x0000000505800000|  0%| F|  |TAMS 0x0000000505600000| PB 0x0000000505600000| Untracked 
|  22|0x0000000505800000, 0x0000000505800000, 0x0000000505a00000|  0%| F|  |TAMS 0x0000000505800000| PB 0x0000000505800000| Untracked 
|  23|0x0000000505a00000, 0x0000000505a00000, 0x0000000505c00000|  0%| F|  |TAMS 0x0000000505a00000| PB 0x0000000505a00000| Untracked 
|  24|0x0000000505c00000, 0x0000000505c00000, 0x0000000505e00000|  0%| F|  |TAMS 0x0000000505c00000| PB 0x0000000505c00000| Untracked 
|  25|0x0000000505e00000, 0x0000000505e00000, 0x0000000506000000|  0%| F|  |TAMS 0x0000000505e00000| PB 0x0000000505e00000| Untracked 
|  26|0x0000000506000000, 0x0000000506000000, 0x0000000506200000|  0%| F|  |TAMS 0x0000000506000000| PB 0x0000000506000000| Untracked 
|  27|0x0000000506200000, 0x0000000506200000, 0x0000000506400000|  0%| F|  |TAMS 0x0000000506200000| PB 0x0000000506200000| Untracked 
|  28|0x0000000506400000, 0x0000000506400000, 0x0000000506600000|  0%| F|  |TAMS 0x0000000506400000| PB 0x0000000506400000| Untracked 
|  29|0x0000000506600000, 0x0000000506600000, 0x0000000506800000|  0%| F|  |TAMS 0x0000000506600000| PB 0x0000000506600000| Untracked 
|  30|0x0000000506800000, 0x0000000506800000, 0x0000000506a00000|  0%| F|  |TAMS 0x0000000506800000| PB 0x0000000506800000| Untracked 
|  31|0x0000000506a00000, 0x0000000506a00000, 0x0000000506c00000|  0%| F|  |TAMS 0x0000000506a00000| PB 0x0000000506a00000| Untracked 
|  32|0x0000000506c00000, 0x0000000506c00000, 0x0000000506e00000|  0%| F|  |TAMS 0x0000000506c00000| PB 0x0000000506c00000| Untracked 
|  33|0x0000000506e00000, 0x0000000506e00000, 0x0000000507000000|  0%| F|  |TAMS 0x0000000506e00000| PB 0x0000000506e00000| Untracked 
|  34|0x0000000507000000, 0x0000000507000000, 0x0000000507200000|  0%| F|  |TAMS 0x0000000507000000| PB 0x0000000507000000| Untracked 
|  35|0x0000000507200000, 0x0000000507200000, 0x0000000507400000|  0%| F|  |TAMS 0x0000000507200000| PB 0x0000000507200000| Untracked 
|  36|0x0000000507400000, 0x0000000507400000, 0x0000000507600000|  0%| F|  |TAMS 0x0000000507400000| PB 0x0000000507400000| Untracked 
|  37|0x0000000507600000, 0x0000000507600000, 0x0000000507800000|  0%| F|  |TAMS 0x0000000507600000| PB 0x0000000507600000| Untracked 
|  38|0x0000000507800000, 0x0000000507800000, 0x0000000507a00000|  0%| F|  |TAMS 0x0000000507800000| PB 0x0000000507800000| Untracked 
|  39|0x0000000507a00000, 0x0000000507a00000, 0x0000000507c00000|  0%| F|  |TAMS 0x0000000507a00000| PB 0x0000000507a00000| Untracked 
|  40|0x0000000507c00000, 0x0000000507c00000, 0x0000000507e00000|  0%| F|  |TAMS 0x0000000507c00000| PB 0x0000000507c00000| Untracked 
|  41|0x0000000507e00000, 0x0000000507e00000, 0x0000000508000000|  0%| F|  |TAMS 0x0000000507e00000| PB 0x0000000507e00000| Untracked 
|  42|0x0000000508000000, 0x0000000508000000, 0x0000000508200000|  0%| F|  |TAMS 0x0000000508000000| PB 0x0000000508000000| Untracked 
|  43|0x0000000508200000, 0x0000000508200000, 0x0000000508400000|  0%| F|  |TAMS 0x0000000508200000| PB 0x0000000508200000| Untracked 
|  44|0x0000000508400000, 0x0000000508400000, 0x0000000508600000|  0%| F|  |TAMS 0x0000000508400000| PB 0x0000000508400000| Untracked 
|  45|0x0000000508600000, 0x0000000508600000, 0x0000000508800000|  0%| F|  |TAMS 0x0000000508600000| PB 0x0000000508600000| Untracked 
|  46|0x0000000508800000, 0x0000000508800000, 0x0000000508a00000|  0%| F|  |TAMS 0x0000000508800000| PB 0x0000000508800000| Untracked 
|  47|0x0000000508a00000, 0x0000000508a00000, 0x0000000508c00000|  0%| F|  |TAMS 0x0000000508a00000| PB 0x0000000508a00000| Untracked 
|  48|0x0000000508c00000, 0x0000000508c00000, 0x0000000508e00000|  0%| F|  |TAMS 0x0000000508c00000| PB 0x0000000508c00000| Untracked 
|  49|0x0000000508e00000, 0x0000000508e00000, 0x0000000509000000|  0%| F|  |TAMS 0x0000000508e00000| PB 0x0000000508e00000| Untracked 
|  50|0x0000000509000000, 0x0000000509000000, 0x0000000509200000|  0%| F|  |TAMS 0x0000000509000000| PB 0x0000000509000000| Untracked 
|  51|0x0000000509200000, 0x0000000509200000, 0x0000000509400000|  0%| F|  |TAMS 0x0000000509200000| PB 0x0000000509200000| Untracked 
|  52|0x0000000509400000, 0x0000000509400000, 0x0000000509600000|  0%| F|  |TAMS 0x0000000509400000| PB 0x0000000509400000| Untracked 
|  53|0x0000000509600000, 0x0000000509600000, 0x0000000509800000|  0%| F|  |TAMS 0x0000000509600000| PB 0x0000000509600000| Untracked 
|  54|0x0000000509800000, 0x0000000509800000, 0x0000000509a00000|  0%| F|  |TAMS 0x0000000509800000| PB 0x0000000509800000| Untracked 
|  55|0x0000000509a00000, 0x0000000509a00000, 0x0000000509c00000|  0%| F|  |TAMS 0x0000000509a00000| PB 0x0000000509a00000| Untracked 
|  56|0x0000000509c00000, 0x0000000509c00000, 0x0000000509e00000|  0%| F|  |TAMS 0x0000000509c00000| PB 0x0000000509c00000| Untracked 
|  57|0x0000000509e00000, 0x0000000509e00000, 0x000000050a000000|  0%| F|  |TAMS 0x0000000509e00000| PB 0x0000000509e00000| Untracked 
|  58|0x000000050a000000, 0x000000050a000000, 0x000000050a200000|  0%| F|  |TAMS 0x000000050a000000| PB 0x000000050a000000| Untracked 
|  59|0x000000050a200000, 0x000000050a200000, 0x000000050a400000|  0%| F|  |TAMS 0x000000050a200000| PB 0x000000050a200000| Untracked 
|  60|0x000000050a400000, 0x000000050a400000, 0x000000050a600000|  0%| F|  |TAMS 0x000000050a400000| PB 0x000000050a400000| Untracked 
|  61|0x000000050a600000, 0x000000050a600000, 0x000000050a800000|  0%| F|  |TAMS 0x000000050a600000| PB 0x000000050a600000| Untracked 
|  62|0x000000050a800000, 0x000000050a800000, 0x000000050aa00000|  0%| F|  |TAMS 0x000000050a800000| PB 0x000000050a800000| Untracked 
|  63|0x000000050aa00000, 0x000000050aa00000, 0x000000050ac00000|  0%| F|  |TAMS 0x000000050aa00000| PB 0x000000050aa00000| Untracked 
|  64|0x000000050ac00000, 0x000000050ac00000, 0x000000050ae00000|  0%| F|  |TAMS 0x000000050ac00000| PB 0x000000050ac00000| Untracked 
|  65|0x000000050ae00000, 0x000000050ae00000, 0x000000050b000000|  0%| F|  |TAMS 0x000000050ae00000| PB 0x000000050ae00000| Untracked 
|  66|0x000000050b000000, 0x000000050b000000, 0x000000050b200000|  0%| F|  |TAMS 0x000000050b000000| PB 0x000000050b000000| Untracked 
|  67|0x000000050b200000, 0x000000050b200000, 0x000000050b400000|  0%| F|  |TAMS 0x000000050b200000| PB 0x000000050b200000| Untracked 
|  68|0x000000050b400000, 0x000000050b400000, 0x000000050b600000|  0%| F|  |TAMS 0x000000050b400000| PB 0x000000050b400000| Untracked 
|  69|0x000000050b600000, 0x000000050b600000, 0x000000050b800000|  0%| F|  |TAMS 0x000000050b600000| PB 0x000000050b600000| Untracked 
|  70|0x000000050b800000, 0x000000050b800000, 0x000000050ba00000|  0%| F|  |TAMS 0x000000050b800000| PB 0x000000050b800000| Untracked 
|  71|0x000000050ba00000, 0x000000050ba00000, 0x000000050bc00000|  0%| F|  |TAMS 0x000000050ba00000| PB 0x000000050ba00000| Untracked 
|  72|0x000000050bc00000, 0x000000050bc00000, 0x000000050be00000|  0%| F|  |TAMS 0x000000050bc00000| PB 0x000000050bc00000| Untracked 
|  73|0x000000050be00000, 0x000000050be00000, 0x000000050c000000|  0%| F|  |TAMS 0x000000050be00000| PB 0x000000050be00000| Untracked 
|  74|0x000000050c000000, 0x000000050c000000, 0x000000050c200000|  0%| F|  |TAMS 0x000000050c000000| PB 0x000000050c000000| Untracked 
|  75|0x000000050c200000, 0x000000050c200000, 0x000000050c400000|  0%| F|  |TAMS 0x000000050c200000| PB 0x000000050c200000| Untracked 
|  76|0x000000050c400000, 0x000000050c400000, 0x000000050c600000|  0%| F|  |TAMS 0x000000050c400000| PB 0x000000050c400000| Untracked 
|  77|0x000000050c600000, 0x000000050c600000, 0x000000050c800000|  0%| F|  |TAMS 0x000000050c600000| PB 0x000000050c600000| Untracked 
|  78|0x000000050c800000, 0x000000050c800000, 0x000000050ca00000|  0%| F|  |TAMS 0x000000050c800000| PB 0x000000050c800000| Untracked 
|  79|0x000000050ca00000, 0x000000050ca00000, 0x000000050cc00000|  0%| F|  |TAMS 0x000000050ca00000| PB 0x000000050ca00000| Untracked 
|  80|0x000000050cc00000, 0x000000050cc00000, 0x000000050ce00000|  0%| F|  |TAMS 0x000000050cc00000| PB 0x000000050cc00000| Untracked 
|  81|0x000000050ce00000, 0x000000050ce00000, 0x000000050d000000|  0%| F|  |TAMS 0x000000050ce00000| PB 0x000000050ce00000| Untracked 
|  82|0x000000050d000000, 0x000000050d000000, 0x000000050d200000|  0%| F|  |TAMS 0x000000050d000000| PB 0x000000050d000000| Untracked 
|  83|0x000000050d200000, 0x000000050d200000, 0x000000050d400000|  0%| F|  |TAMS 0x000000050d200000| PB 0x000000050d200000| Untracked 
|  84|0x000000050d400000, 0x000000050d400000, 0x000000050d600000|  0%| F|  |TAMS 0x000000050d400000| PB 0x000000050d400000| Untracked 
|  85|0x000000050d600000, 0x000000050d600000, 0x000000050d800000|  0%| F|  |TAMS 0x000000050d600000| PB 0x000000050d600000| Untracked 
|  86|0x000000050d800000, 0x000000050d800000, 0x000000050da00000|  0%| F|  |TAMS 0x000000050d800000| PB 0x000000050d800000| Untracked 
|  87|0x000000050da00000, 0x000000050da00000, 0x000000050dc00000|  0%| F|  |TAMS 0x000000050da00000| PB 0x000000050da00000| Untracked 
|  88|0x000000050dc00000, 0x000000050dc00000, 0x000000050de00000|  0%| F|  |TAMS 0x000000050dc00000| PB 0x000000050dc00000| Untracked 
|  89|0x000000050de00000, 0x000000050de00000, 0x000000050e000000|  0%| F|  |TAMS 0x000000050de00000| PB 0x000000050de00000| Untracked 
|  90|0x000000050e000000, 0x000000050e07c658, 0x000000050e200000| 24%| E|  |TAMS 0x000000050e000000| PB 0x000000050e000000| Complete 
|  91|0x000000050e200000, 0x000000050e400000, 0x000000050e400000|100%| E|CS|TAMS 0x000000050e200000| PB 0x000000050e200000| Complete 
|  92|0x000000050e400000, 0x000000050e600000, 0x000000050e600000|100%| E|CS|TAMS 0x000000050e400000| PB 0x000000050e400000| Complete 
|  93|0x000000050e600000, 0x000000050e800000, 0x000000050e800000|100%| E|CS|TAMS 0x000000050e600000| PB 0x000000050e600000| Complete 

Card table byte_map: [0x00000130fd970000,0x00000130fdf50000] _byte_map_base: 0x00000130fb15a000

Marking Bits: (CMBitMap*) 0x00000130eaf5d7b0
 Bits: [0x0000013080000000, 0x0000013082ef8000)

Polling page: 0x00000130e8de0000

Metaspace:

Usage:
  Non-class:      9.34 MB used.
      Class:   1013.71 KB used.
       Both:     10.33 MB used.

Virtual space:
  Non-class space:       64.00 MB reserved,       9.38 MB ( 15%) committed,  1 nodes.
      Class space:        1.00 GB reserved,       1.00 MB ( <1%) committed,  1 nodes.
             Both:        1.06 GB reserved,      10.38 MB ( <1%) committed. 

Chunk freelists:
   Non-Class:  6.28 MB
       Class:  15.00 MB
        Both:  21.28 MB

MaxMetaspaceSize: unlimited
CompressedClassSpaceSize: 1.00 GB
Initial GC threshold: 21.00 MB
Current GC threshold: 21.00 MB
CDS: off
 - commit_granule_bytes: 65536.
 - commit_granule_words: 8192.
 - virtual_space_node_default_size: 8388608.
 - enlarge_chunks_in_place: 1.
 - use_allocation_guard: 0.


Internal statistics:

num_allocs_failed_limit: 0.
num_arena_births: 24.
num_arena_deaths: 0.
num_vsnodes_births: 2.
num_vsnodes_deaths: 0.
num_space_committed: 166.
num_space_uncommitted: 0.
num_chunks_returned_to_freelist: 0.
num_chunks_taken_from_freelist: 73.
num_chunk_merges: 0.
num_chunk_splits: 36.
num_chunks_enlarged: 22.
num_inconsistent_stats: 0.

CodeHeap 'non-profiled nmethods': size=120000Kb used=171Kb max_used=171Kb free=119828Kb
 bounds [0x00000130f5b30000, 0x00000130f5da0000, 0x00000130fd060000]
CodeHeap 'profiled nmethods': size=120000Kb used=749Kb max_used=749Kb free=119251Kb
 bounds [0x00000130ee060000, 0x00000130ee2d0000, 0x00000130f5590000]
CodeHeap 'non-nmethods': size=5760Kb used=1450Kb max_used=1466Kb free=4309Kb
 bounds [0x00000130f5590000, 0x00000130f5800000, 0x00000130f5b30000]
 total_blobs=974 nmethods=521 adapters=358
 compilation: enabled
              stopped_count=0, restarted_count=0
 full_count=0

Compilation events (20 events):
Event: 12.731 Thread 0x0000013083b3c610  510       3       java.lang.invoke.MemberName::isConstructor (8 bytes)
Event: 12.731 Thread 0x0000013083b3c610 nmethod 510 0x00000130ee118490 code [0x00000130ee118640, 0x00000130ee118808]
Event: 12.731 Thread 0x0000013083b3c610  512       3       java.lang.invoke.LambdaForm$Name::initIndex (26 bytes)
Event: 12.731 Thread 0x0000013083b3c610 nmethod 512 0x00000130ee118890 code [0x00000130ee118a40, 0x00000130ee118be8]
Event: 12.731 Thread 0x0000013083b3c610  513       3       jdk.internal.misc.Unsafe::allocateUninitializedArray (55 bytes)
Event: 12.731 Thread 0x0000013083b3c610 nmethod 513 0x00000130ee118c90 code [0x00000130ee118e80, 0x00000130ee1192a8]
Event: 12.731 Thread 0x0000013083b3c610  514       3       java.lang.reflect.Modifier::isProtected (12 bytes)
Event: 12.731 Thread 0x0000013083b3c610 nmethod 514 0x00000130ee119490 code [0x00000130ee119620, 0x00000130ee119760]
Event: 12.732 Thread 0x0000013083b2ba30  515       4       jdk.internal.org.objectweb.asm.SymbolTable::get (13 bytes)
Event: 12.732 Thread 0x0000013083b3c610  517       3       jdk.internal.org.objectweb.asm.SymbolTable::addConstantUtf8Reference (101 bytes)
Event: 12.732 Thread 0x0000013083b2ba30 nmethod 515 0x00000130f5b59e10 code [0x00000130f5b59fa0, 0x00000130f5b5a0a8]
Event: 12.733 Thread 0x0000013083b3c610 nmethod 517 0x00000130ee119810 code [0x00000130ee119a40, 0x00000130ee11a028]
Event: 12.733 Thread 0x0000013083b3c610  516       3       jdk.internal.org.objectweb.asm.SymbolTable::addConstantClass (8 bytes)
Event: 12.733 Thread 0x0000013083b3c610 nmethod 516 0x00000130ee11a390 code [0x00000130ee11a540, 0x00000130ee11a688]
Event: 12.733 Thread 0x0000013083b3c610  519       3       java.lang.invoke.LambdaForm::forceInterpretation (14 bytes)
Event: 12.733 Thread 0x0000013083b3c610 nmethod 519 0x00000130ee11a710 code [0x00000130ee11a8a0, 0x00000130ee11aa00]
Event: 12.733 Thread 0x0000013083b3c610  520       3       sun.invoke.util.VerifyAccess::isSamePackage (37 bytes)
Event: 12.733 Thread 0x0000013083b2ba30  521       4       java.lang.String::equals (56 bytes)
Event: 12.733 Thread 0x0000013083b3c610 nmethod 520 0x00000130ee11aa90 code [0x00000130ee11aca0, 0x00000130ee11b218]
Event: 12.734 Thread 0x0000013083b2ba30 nmethod 521 0x00000130f5b5a890 code [0x00000130f5b5aa20, 0x00000130f5b5ac10]

GC Heap History (0 events):
No events

Dll operation events (2 events):
Event: 0.011 Loaded shared library C:\Program Files\Android\Android Studio\jbr\bin\java.dll
Event: 1.073 Loaded shared library C:\Program Files\Android\Android Studio\jbr\bin\zip.dll

Deoptimization events (6 events):
Event: 7.492 Thread 0x00000130e8b44380 Uncommon trap: trap_request=0xffffff45 fr.pc=0x00000130f5b46b14 relative=0x0000000000000074
Event: 7.492 Thread 0x00000130e8b44380 Uncommon trap: reason=unstable_if action=reinterpret pc=0x00000130f5b46b14 method=java.lang.CharacterDataLatin1.toLowerCase(I)I @ 16 c2
Event: 7.492 Thread 0x00000130e8b44380 DEOPT PACKING pc=0x00000130f5b46b14 sp=0x0000000760cfd860
Event: 7.492 Thread 0x00000130e8b44380 DEOPT UNPACKING pc=0x00000130f55e7da2 sp=0x0000000760cfd7f0 mode 2
Event: 10.600 Thread 0x00000130e8b44380 DEOPT PACKING pc=0x00000130ee09fc07 sp=0x0000000760cfdc20
Event: 10.600 Thread 0x00000130e8b44380 DEOPT UNPACKING pc=0x00000130f55e88e2 sp=0x0000000760cfd0b8 mode 0

Classes loaded (20 events):
Event: 12.726 Loading class javax/net/ssl/SSLSession done
Event: 12.726 Loading class java/lang/System$Logger
Event: 12.726 Loading class java/lang/System$Logger done
Event: 12.726 Loading class java/lang/System$Logger$Level
Event: 12.726 Loading class java/lang/System$Logger$Level done
Event: 12.729 Loading class java/util/function/BiPredicate
Event: 12.729 Loading class java/util/function/BiPredicate done
Event: 12.730 Loading class java/util/function/Predicate
Event: 12.730 Loading class java/util/function/Predicate done
Event: 12.732 Loading class java/lang/invoke/DirectMethodHandle$Interface
Event: 12.732 Loading class java/lang/invoke/DirectMethodHandle$Interface done
Event: 12.732 Loading class java/util/stream/ReferencePipeline$3
Event: 12.733 Loading class java/util/stream/ReferencePipeline$StatelessOp
Event: 12.733 Loading class java/util/stream/ReferencePipeline$StatelessOp done
Event: 12.733 Loading class java/util/stream/ReferencePipeline$3 done
Event: 12.733 Loading class java/util/stream/StreamShape
Event: 12.733 Loading class java/util/stream/StreamShape done
Event: 12.733 Loading class java/util/stream/ReferencePipeline$2
Event: 12.733 Loading class java/util/stream/ReferencePipeline$2 done
Event: 12.733 Loading class java/util/stream/Collectors

Classes unloaded (0 events):
No events

Classes redefined (0 events):
No events

Internal exceptions (5 events):
Event: 7.451 Thread 0x00000130e8b44380 Exception <a 'sun/nio/fs/WindowsException'{0x000000050e5fc790}> (0x000000050e5fc790) 
thrown [s\src\hotspot\share\prims\jni.cpp, line 537]
Event: 12.709 Thread 0x00000130e8b44380 Exception <a 'java/lang/NoSuchMethodError'{0x000000050e38f440}: 'java.lang.Object java.lang.invoke.DirectMethodHandle$Holder.invokeStaticInit(java.lang.Object, java.lang.Object, int, int, int, int)'> (0x000000050e38f440) 
thrown [s\src\hotspot\share\interpreter\linkResolver.cpp, line 784]
Event: 12.728 Thread 0x00000130e8b44380 Exception <a 'java/lang/NoSuchMethodError'{0x000000050e036a30}: 'java.lang.Object java.lang.invoke.DirectMethodHandle$Holder.invokeStaticInit(java.lang.Object, java.lang.Object, int)'> (0x000000050e036a30) 
thrown [s\src\hotspot\share\interpreter\linkResolver.cpp, line 784]
Event: 12.728 Thread 0x00000130e8b44380 Exception <a 'java/lang/NoSuchMethodError'{0x000000050e03c938}: 'java.lang.Object java.lang.invoke.DirectMethodHandle$Holder.newInvokeSpecial(java.lang.Object, java.lang.Object, int)'> (0x000000050e03c938) 
thrown [s\src\hotspot\share\interpreter\linkResolver.cpp, line 784]
Event: 12.731 Thread 0x00000130e8b44380 Exception <a 'java/lang/NoSuchMethodError'{0x000000050e050070}: 'int java.lang.invoke.DirectMethodHandle$Holder.invokeSpecialIFC(java.lang.Object, java.lang.Object, java.lang.Object)'> (0x000000050e050070) 
thrown [s\src\hotspot\share\interpreter\linkResolver.cpp, line 784]

ZGC Phase Switch (0 events):
No events

VM Operations (20 events):
Event: 2.197 Executing VM operation: Cleanup done
Event: 4.230 Executing VM operation: HandshakeAllThreads (Deoptimize)
Event: 4.230 Executing VM operation: HandshakeAllThreads (Deoptimize) done
Event: 4.230 Executing VM operation: Cleanup
Event: 4.230 Executing VM operation: Cleanup done
Event: 5.230 Executing VM operation: Cleanup
Event: 5.276 Executing VM operation: Cleanup done
Event: 6.287 Executing VM operation: Cleanup
Event: 6.396 Executing VM operation: Cleanup done
Event: 7.407 Executing VM operation: Cleanup
Event: 7.437 Executing VM operation: Cleanup done
Event: 7.533 Executing VM operation: HandshakeAllThreads (Deoptimize)
Event: 7.533 Executing VM operation: HandshakeAllThreads (Deoptimize) done
Event: 8.536 Executing VM operation: Cleanup
Event: 10.616 Executing VM operation: Cleanup done
Event: 11.626 Executing VM operation: Cleanup
Event: 11.626 Executing VM operation: Cleanup done
Event: 12.630 Executing VM operation: Cleanup
Event: 12.630 Executing VM operation: Cleanup done
Event: 13.643 Executing VM operation: Cleanup

Memory protections (0 events):
No events

Nmethod flushes (0 events):
No events

Events (15 events):
Event: 1.072 Thread 0x00000130e8b44380 Thread added: 0x00000130e8b44380
Event: 1.122 Thread 0x00000130e8b44380 Thread added: 0x0000013083aec820
Event: 1.129 Thread 0x00000130e8b44380 Thread added: 0x0000013083aedc30
Event: 1.129 Thread 0x00000130e8b44380 Thread added: 0x0000013083aee780
Event: 1.130 Thread 0x00000130e8b44380 Thread added: 0x0000013083b13a40
Event: 1.130 Thread 0x00000130e8b44380 Thread added: 0x0000013083b154b0
Event: 1.130 Thread 0x00000130e8b44380 Thread added: 0x0000013083b15f10
Event: 1.130 Thread 0x00000130e8b44380 Thread added: 0x0000013083b2ab70
Event: 1.130 Thread 0x00000130e8b44380 Thread added: 0x0000013083b2ba30
Event: 1.131 Thread 0x00000130e8b44380 Thread added: 0x0000013083b3c610
Event: 1.168 Thread 0x00000130e8b44380 Thread added: 0x0000013083cea4b0
Event: 1.184 Loaded shared library C:\Program Files\Android\Android Studio\jbr\bin\net.dll
Event: 1.187 Loaded shared library C:\Program Files\Android\Android Studio\jbr\bin\nio.dll
Event: 1.196 Loaded shared library C:\Program Files\Android\Android Studio\jbr\bin\zip.dll
Event: 5.331 Loaded shared library C:\Program Files\Android\Android Studio\jbr\bin\jimage.dll


Dynamic libraries:
0x00007ff784fb0000 - 0x00007ff784fba000 	C:\Program Files\Android\Android Studio\jbr\bin\java.exe
0x00007ffbc6100000 - 0x00007ffbc6369000 	C:\WINDOWS\SYSTEM32\ntdll.dll
0x00007ffbc4710000 - 0x00007ffbc47d9000 	C:\WINDOWS\System32\KERNEL32.DLL
0x00007ffbc36b0000 - 0x00007ffbc3aa3000 	C:\WINDOWS\System32\KERNELBASE.dll
0x00007ffbc3340000 - 0x00007ffbc348b000 	C:\WINDOWS\System32\ucrtbase.dll
0x00007ffbb20f0000 - 0x00007ffbb2108000 	C:\Program Files\Android\Android Studio\jbr\bin\jli.dll
0x00007ffba8ad0000 - 0x00007ffba8aeb000 	C:\Program Files\Android\Android Studio\jbr\bin\VCRUNTIME140.dll
0x00007ffbc4c70000 - 0x00007ffbc4e34000 	C:\WINDOWS\System32\USER32.dll
0x00007ffbc3be0000 - 0x00007ffbc3c07000 	C:\WINDOWS\System32\win32u.dll
0x00007ffbc4ef0000 - 0x00007ffbc4f1b000 	C:\WINDOWS\System32\GDI32.dll
0x00007ffbc3ab0000 - 0x00007ffbc3bdd000 	C:\WINDOWS\System32\gdi32full.dll
0x00007ffbab340000 - 0x00007ffbab5d3000 	C:\WINDOWS\WinSxS\amd64_microsoft.windows.common-controls_6595b64144ccf1df_6.0.26100.5074_none_3e0d6f78e32fd63f\COMCTL32.dll
0x00007ffbc3290000 - 0x00007ffbc3333000 	C:\WINDOWS\System32\msvcp_win.dll
0x00007ffbc4e40000 - 0x00007ffbc4ee9000 	C:\WINDOWS\System32\msvcrt.dll
0x00007ffbc3ed0000 - 0x00007ffbc3eff000 	C:\WINDOWS\System32\IMM32.DLL
0x00007ffbb4a20000 - 0x00007ffbb4a2c000 	C:\Program Files\Android\Android Studio\jbr\bin\vcruntime140_1.dll
0x00007ffb86f40000 - 0x00007ffb86fcd000 	C:\Program Files\Android\Android Studio\jbr\bin\msvcp140.dll
0x00007ffb1b4a0000 - 0x00007ffb1c12e000 	C:\Program Files\Android\Android Studio\jbr\bin\server\jvm.dll
0x00007ffbc6000000 - 0x00007ffbc60b4000 	C:\WINDOWS\System32\ADVAPI32.dll
0x00007ffbc4660000 - 0x00007ffbc4706000 	C:\WINDOWS\System32\sechost.dll
0x00007ffbc3fa0000 - 0x00007ffbc40b8000 	C:\WINDOWS\System32\RPCRT4.dll
0x00007ffbc40c0000 - 0x00007ffbc4134000 	C:\WINDOWS\System32\WS2_32.dll
0x00007ffbc30f0000 - 0x00007ffbc314e000 	C:\WINDOWS\SYSTEM32\POWRPROF.dll
0x00007ffbbabb0000 - 0x00007ffbbabe5000 	C:\WINDOWS\SYSTEM32\WINMM.dll
0x00007ffbb3c70000 - 0x00007ffbb3c7b000 	C:\WINDOWS\SYSTEM32\VERSION.dll
0x00007ffbc30d0000 - 0x00007ffbc30e4000 	C:\WINDOWS\SYSTEM32\UMPDC.dll
0x00007ffbc2070000 - 0x00007ffbc208b000 	C:\WINDOWS\SYSTEM32\kernel.appcore.dll
0x00007ffbb4230000 - 0x00007ffbb423a000 	C:\Program Files\Android\Android Studio\jbr\bin\jimage.dll
0x00007ffbc0910000 - 0x00007ffbc0b52000 	C:\WINDOWS\SYSTEM32\DBGHELP.DLL
0x00007ffbc4fb0000 - 0x00007ffbc532b000 	C:\WINDOWS\System32\combase.dll
0x00007ffbc42e0000 - 0x00007ffbc43b7000 	C:\WINDOWS\System32\OLEAUT32.dll
0x00007ffba7750000 - 0x00007ffba778d000 	C:\WINDOWS\SYSTEM32\dbgcore.DLL
0x00007ffbc3610000 - 0x00007ffbc36a9000 	C:\WINDOWS\System32\bcryptPrimitives.dll
0x00007ffb92b70000 - 0x00007ffb92b90000 	C:\Program Files\Android\Android Studio\jbr\bin\java.dll
0x00007ffb90800000 - 0x00007ffb90818000 	C:\Program Files\Android\Android Studio\jbr\bin\zip.dll
0x00007ffbc5460000 - 0x00007ffbc5bad000 	C:\WINDOWS\System32\SHELL32.dll
0x00007ffbc3c10000 - 0x00007ffbc3d7c000 	C:\WINDOWS\System32\wintypes.dll
0x00007ffbc0ec0000 - 0x00007ffbc1719000 	C:\WINDOWS\SYSTEM32\windows.storage.dll
0x00007ffbc5bb0000 - 0x00007ffbc5ca0000 	C:\WINDOWS\System32\SHCORE.dll
0x00007ffbc53f0000 - 0x00007ffbc5452000 	C:\WINDOWS\System32\shlwapi.dll
0x00007ffbc31b0000 - 0x00007ffbc31d9000 	C:\WINDOWS\SYSTEM32\profapi.dll
0x00007ffbb2ed0000 - 0x00007ffbb2ee0000 	C:\Program Files\Android\Android Studio\jbr\bin\net.dll
0x00007ffbb6260000 - 0x00007ffbb637f000 	C:\WINDOWS\SYSTEM32\WINHTTP.dll
0x00007ffbc25f0000 - 0x00007ffbc265b000 	C:\WINDOWS\system32\mswsock.dll
0x00007ffb90580000 - 0x00007ffb90596000 	C:\Program Files\Android\Android Studio\jbr\bin\nio.dll
0x00007ffbc2890000 - 0x00007ffbc28ab000 	C:\WINDOWS\SYSTEM32\CRYPTSP.dll
0x00007ffbc1fd0000 - 0x00007ffbc200b000 	C:\WINDOWS\system32\rsaenh.dll
0x00007ffbc2690000 - 0x00007ffbc26bb000 	C:\WINDOWS\SYSTEM32\USERENV.dll
0x00007ffbc3180000 - 0x00007ffbc31a6000 	C:\WINDOWS\SYSTEM32\bcrypt.dll
0x00007ffbc28b0000 - 0x00007ffbc28bc000 	C:\WINDOWS\SYSTEM32\CRYPTBASE.dll
0x00007ffbc1aa0000 - 0x00007ffbc1ad4000 	C:\WINDOWS\SYSTEM32\IPHLPAPI.DLL
0x00007ffbc4f20000 - 0x00007ffbc4f2a000 	C:\WINDOWS\System32\NSI.dll

dbghelp: loaded successfully - version: 4.0.5 - missing functions: none
symbol engine: initialized successfully - sym options: 0x614 - pdb path: .;C:\Program Files\Android\Android Studio\jbr\bin;C:\WINDOWS\SYSTEM32;C:\WINDOWS\WinSxS\amd64_microsoft.windows.common-controls_6595b64144ccf1df_6.0.26100.5074_none_3e0d6f78e32fd63f;C:\Program Files\Android\Android Studio\jbr\bin\server

VM Arguments:
java_command: git4idea.http.GitAskPassApp Username for 'https://github.com': 
java_class_path (initial): C:/Program Files/Android/Android Studio/plugins/vcs-git/lib/git4idea-rt.jar;C:/Program Files/Android/Android Studio/lib/externalProcess-rt.jar
Launcher Type: SUN_STANDARD

[Global flags]
     intx CICompilerCount                          = 4                                         {product} {ergonomic}
     uint ConcGCThreads                            = 2                                         {product} {ergonomic}
     uint G1ConcRefinementThreads                  = 8                                         {product} {ergonomic}
   size_t G1HeapRegionSize                         = 2097152                                   {product} {ergonomic}
    uintx GCDrainStackTargetSize                   = 64                                        {product} {ergonomic}
   size_t InitialHeapSize                          = 197132288                                 {product} {ergonomic}
   size_t MarkStackSize                            = 4194304                                   {product} {ergonomic}
   size_t MaxHeapSize                              = 3152019456                                {product} {ergonomic}
   size_t MaxNewSize                               = 1889533952                                {product} {ergonomic}
   size_t MinHeapDeltaBytes                        = 2097152                                   {product} {ergonomic}
   size_t MinHeapSize                              = 8388608                                   {product} {ergonomic}
    uintx NonNMethodCodeHeapSize                   = 5839372                                {pd product} {ergonomic}
    uintx NonProfiledCodeHeapSize                  = 122909434                              {pd product} {ergonomic}
    uintx ProfiledCodeHeapSize                     = 122909434                              {pd product} {ergonomic}
    uintx ReservedCodeCacheSize                    = 251658240                              {pd product} {ergonomic}
     bool SegmentedCodeCache                       = true                                      {product} {ergonomic}
   size_t SoftMaxHeapSize                          = 3152019456                             {manageable} {ergonomic}
     bool UseCompressedOops                        = true                           {product lp64_product} {ergonomic}
     bool UseG1GC                                  = true                                      {product} {ergonomic}
     bool UseLargePagesIndividualAllocation        = false                                  {pd product} {ergonomic}

Logging:
Log output configuration:
 #0: stdout all=warning uptime,level,tags foldmultilines=false
 #1: stderr all=off uptime,level,tags foldmultilines=false

Environment Variables:
PATH=C:\Program Files\Git\mingw64\libexec\git-core;C:\Program Files\Git\mingw64\libexec\git-core;C:\Program Files\Git\mingw64\bin;C:\Program Files\Git\usr\bin;C:\Users\17822\bin;C:\Program Files (x86)\VMware\VMware Workstation\bin;C:\Program Files\Common Files\Oracle\Java\javapath;C:\Program Files (x86)\Common Files\Oracle\Java\java8path;C:\Program Files (x86)\Common Files\Oracle\Java\javapath;C:\WINDOWS\system32;C:\WINDOWS;C:\WINDOWS\System32\Wbem;C:\WINDOWS\System32\WindowsPowerShell\v1.0;C:\WINDOWS\System32\OpenSSH;C:\Program Files\dotnet;C:\Program Files\Git\cmd;C:\Users\17822\AppData\Local\Microsoft\WindowsApps;C:\Users\17822\AppData\Local\Programs\Microsoft VS Code\bin;C:\Users\17822\AppData\Local\GitHubDesktop\bin;C:\MinGW\bin;C:\Program Files\JetBrains\IntelliJ IDEA 2024.3.1.1\bin;C:\Program Files\JetBrains\IntelliJ IDEA Community Edition 2024.3.1.1\bin
USERNAME=17822
DISPLAY=:0.0
LC_ALL=en_US.UTF-8
TERM=xterm-256color
TMPDIR=C:\Users\17822\AppData\Local\Temp
OS=Windows_NT
PROCESSOR_IDENTIFIER=Intel64 Family 6 Model 140 Stepping 1, GenuineIntel
TMP=C:\Users\17822\AppData\Local\Temp
TEMP=C:\Users\17822\AppData\Local\Temp




Periodic native trim disabled

JNI global refs:
JNI global refs: 18, weak refs: 0

JNI global refs memory usage: 835, weak refs: 201

Process memory usage:
Resident Set Size: 53628K (0% of 12311332K total physical memory with 544268K free physical memory)

OOME stack traces (most recent first):
Classloader memory used:
Loader bootstrap                                                                       : 10208K
Loader jdk.internal.loader.ClassLoaders$PlatformClassLoader                            : 350K
Loader jdk.internal.loader.ClassLoaders$AppClassLoader                                 : 16416B

---------------  S Y S T E M  ---------------

OS:
 Windows 11 , 64 bit Build 26100 (10.0.26100.5074)
OS uptime: 2 days 2:56 hours
Hyper-V role detected

CPU: total 8 (initial active 8) (4 cores per cpu, 2 threads per core) family 6 model 140 stepping 1 microcode 0xbc, cx8, cmov, fxsr, ht, mmx, 3dnowpref, sse, sse2, sse3, ssse3, sse4.1, sse4.2, popcnt, lzcnt, tsc, tscinvbit, avx, avx2, aes, erms, clmul, bmi1, bmi2, adx, avx512f, avx512dq, avx512cd, avx512bw, avx512vl, sha, fma, vzeroupper, avx512_vpopcntdq, avx512_vpclmulqdq, avx512_vaes, avx512_vnni, clflush, clflushopt, clwb, avx512_vbmi2, avx512_vbmi, hv, rdtscp, rdpid, fsrm, gfni, avx512_bitalg, f16c, cet_ibt, cet_ss, avx512_ifma
Processor Information for the first 8 processors :
  Max Mhz: 2803, Current Mhz: 2502, Mhz Limit: 2803

Memory: 4k page, system-wide physical 12022M (531M free)
TotalPageFile size 20214M (AvailPageFile size 1M)
current process WorkingSet (physical memory assigned to process): 52M, peak: 52M
current process commit charge ("private bytes"): 272M, peak: 273M

vm_info: OpenJDK 64-Bit Server VM (21.0.7+-13880790-b1038.58) for windows-amd64 JRE (21.0.7+-13880790-b1038.58), built on 2025-08-04T20:56:21Z by "builder" with MS VC++ 16.10 / 16.11 (VS2019)

END.
